<html>
<head>
<title>TestNG:  RUN ON InternetExplorer</title>
<link href="../testng.css" rel="stylesheet" type="text/css" />
<link href="../my-testng.css" rel="stylesheet" type="text/css" />

<style type="text/css">
.log { display: none;} 
.stack-trace { display: none;} 
</style>
<script type="text/javascript">
<!--
function flip(e) {
  current = e.style.display;
  if (current == 'block') {
    e.style.display = 'none';
    return 0;
  }
  else {
    e.style.display = 'block';
    return 1;
  }
}

function toggleBox(szDivId, elem, msg1, msg2)
{
  var res = -1;  if (document.getElementById) {
    res = flip(document.getElementById(szDivId));
  }
  else if (document.all) {
    // this is the way old msie versions work
    res = flip(document.all[szDivId]);
  }
  if(elem) {
    if(res == 0) elem.innerHTML = msg1; else elem.innerHTML = msg2;
  }

}

function toggleAllBoxes() {
  if (document.getElementsByTagName) {
    d = document.getElementsByTagName('div');
    for (i = 0; i < d.length; i++) {
      if (d[i].className == 'log') {
        flip(d[i]);
      }
    }
  }
}

// -->
</script>

</head>
<body>
<h2 align='center'>RUN ON InternetExplorer</h2><table border='1' align="center">
<tr>
<td>Tests passed/Failed/Skipped:</td><td>2/1/0</td>
</tr><tr>
<td>Started on:</td><td>Wed Aug 09 18:26:04 IST 2023</td>
</tr>
<tr><td>Total time:</td><td>38 seconds (38798 ms)</td>
</tr><tr>
<td>Included groups:</td><td></td>
</tr><tr>
<td>Excluded groups:</td><td></td>
</tr>
</table><p/>
<small><i>(Hover the method name to see the test class name)</i></small><p/>
<table width='100%' border='1' class='invocation-failed'>
<tr><td colspan='4' align='center'><b>FAILED TESTS</b></td></tr>
<tr><td><b>Test method</b></td>
<td width="30%"><b>Exception</b></td>
<td width="10%"><b>Time (seconds)</b></td>
<td><b>Instance</b></td>
</tr>
<tr>
<td title='lambdaTest.TestScenario2.dragDropBySlider()'><b>dragDropBySlider</b><br>Test class: lambdaTest.TestScenario2</td>
<td><div><pre>java.lang.AssertionError: expected [95] but found [94]
	at lambdaTest.TestScenario2.dragDropBySlider(TestScenario2.java:80)
	at java.base/java.util.concurrent.ThreadPoolExecutor.runWorker(ThreadPoolExecutor.java:1136)
	at java.base/java.util.concurrent.ThreadPoolExecutor$Worker.run(ThreadPoolExecutor.java:635)
	at java.base/java.lang.Thread.run(Thread.java:833)
... Removed 17 stack frames</pre></div><a href='#' onClick='toggleBox("stack-trace1776573923", this, "Click to show all stack frames", "Click to hide stack frames")'>Click to show all stack frames</a>
<div class='stack-trace' id='stack-trace1776573923'><pre>java.lang.AssertionError: expected [95] but found [94]
	at org.testng.Assert.fail(Assert.java:97)
	at org.testng.Assert.assertEqualsImpl(Assert.java:136)
	at org.testng.Assert.assertEquals(Assert.java:118)
	at org.testng.Assert.assertEquals(Assert.java:575)
	at org.testng.Assert.assertEquals(Assert.java:585)
	at lambdaTest.TestScenario2.dragDropBySlider(TestScenario2.java:80)
	at java.base/jdk.internal.reflect.NativeMethodAccessorImpl.invoke0(Native Method)
	at java.base/jdk.internal.reflect.NativeMethodAccessorImpl.invoke(NativeMethodAccessorImpl.java:77)
	at java.base/jdk.internal.reflect.DelegatingMethodAccessorImpl.invoke(DelegatingMethodAccessorImpl.java:43)
	at java.base/java.lang.reflect.Method.invoke(Method.java:568)
	at org.testng.internal.MethodInvocationHelper.invokeMethod(MethodInvocationHelper.java:134)
	at org.testng.internal.TestInvoker.invokeMethod(TestInvoker.java:597)
	at org.testng.internal.TestInvoker.invokeTestMethod(TestInvoker.java:173)
	at org.testng.internal.MethodRunner.runInSequence(MethodRunner.java:46)
	at org.testng.internal.TestInvoker$MethodInvocationAgent.invoke(TestInvoker.java:816)
	at org.testng.internal.TestInvoker.invokeTestMethods(TestInvoker.java:146)
	at org.testng.internal.TestMethodWorker.invokeTestMethods(TestMethodWorker.java:146)
	at org.testng.internal.TestMethodWorker.run(TestMethodWorker.java:128)
	at java.base/java.util.concurrent.ThreadPoolExecutor.runWorker(ThreadPoolExecutor.java:1136)
	at java.base/java.util.concurrent.ThreadPoolExecutor$Worker.run(ThreadPoolExecutor.java:635)
	at java.base/java.lang.Thread.run(Thread.java:833)
</pre></div></td>
<td>3</td>
<td>lambdaTest.TestScenario2@2053d869</td></tr>
<tr>
<td title='lambdaTest.TestScenario2.dragDropBySlider()'><b>dragDropBySlider</b><br>Test class: lambdaTest.TestScenario2</td>
<td><div><pre>java.lang.AssertionError: expected [95] but found [51]
	at lambdaTest.TestScenario2.dragDropBySlider(TestScenario2.java:80)
	at java.base/java.util.concurrent.ThreadPoolExecutor.runWorker(ThreadPoolExecutor.java:1136)
	at java.base/java.util.concurrent.ThreadPoolExecutor$Worker.run(ThreadPoolExecutor.java:635)
	at java.base/java.lang.Thread.run(Thread.java:833)
... Removed 17 stack frames</pre></div><a href='#' onClick='toggleBox("stack-trace1962129575", this, "Click to show all stack frames", "Click to hide stack frames")'>Click to show all stack frames</a>
<div class='stack-trace' id='stack-trace1962129575'><pre>java.lang.AssertionError: expected [95] but found [51]
	at org.testng.Assert.fail(Assert.java:97)
	at org.testng.Assert.assertEqualsImpl(Assert.java:136)
	at org.testng.Assert.assertEquals(Assert.java:118)
	at org.testng.Assert.assertEquals(Assert.java:575)
	at org.testng.Assert.assertEquals(Assert.java:585)
	at lambdaTest.TestScenario2.dragDropBySlider(TestScenario2.java:80)
	at java.base/jdk.internal.reflect.NativeMethodAccessorImpl.invoke0(Native Method)
	at java.base/jdk.internal.reflect.NativeMethodAccessorImpl.invoke(NativeMethodAccessorImpl.java:77)
	at java.base/jdk.internal.reflect.DelegatingMethodAccessorImpl.invoke(DelegatingMethodAccessorImpl.java:43)
	at java.base/java.lang.reflect.Method.invoke(Method.java:568)
	at org.testng.internal.MethodInvocationHelper.invokeMethod(MethodInvocationHelper.java:134)
	at org.testng.internal.TestInvoker.invokeMethod(TestInvoker.java:597)
	at org.testng.internal.TestInvoker.invokeTestMethod(TestInvoker.java:173)
	at org.testng.internal.MethodRunner.runInSequence(MethodRunner.java:46)
	at org.testng.internal.TestInvoker$MethodInvocationAgent.invoke(TestInvoker.java:816)
	at org.testng.internal.TestInvoker.invokeTestMethods(TestInvoker.java:146)
	at org.testng.internal.TestMethodWorker.invokeTestMethods(TestMethodWorker.java:146)
	at org.testng.internal.TestMethodWorker.run(TestMethodWorker.java:128)
	at java.base/java.util.concurrent.ThreadPoolExecutor.runWorker(ThreadPoolExecutor.java:1136)
	at java.base/java.util.concurrent.ThreadPoolExecutor$Worker.run(ThreadPoolExecutor.java:635)
	at java.base/java.lang.Thread.run(Thread.java:833)
</pre></div></td>
<td>7</td>
<td>lambdaTest.TestScenario2@49c7b90e</td></tr>
</table><p>
<table width='100%' border='1' class='invocation-passed'>
<tr><td colspan='4' align='center'><b>PASSED TESTS</b></td></tr>
<tr><td><b>Test method</b></td>
<td width="30%"><b>Exception</b></td>
<td width="10%"><b>Time (seconds)</b></td>
<td><b>Instance</b></td>
</tr>
<tr>
<td title='lambdaTest.TestScenario2.dragDropBySlider()'><b>dragDropBySlider</b><br>Test class: lambdaTest.TestScenario2</td>
<td></td>
<td>6</td>
<td>lambdaTest.TestScenario2@cad498c</td></tr>
<tr>
<td title='lambdaTest.TestScenario2.dragDropBySlider()'><b>dragDropBySlider</b><br>Test class: lambdaTest.TestScenario2</td>
<td></td>
<td>4</td>
<td>lambdaTest.TestScenario2@101952da</td></tr>
<tr>
<td title='lambdaTest.TestScenario1.formDemo()'><b>formDemo</b><br>Test class: lambdaTest.TestScenario1</td>
<td></td>
<td>5</td>
<td>lambdaTest.TestScenario1@66498326</td></tr>
<tr>
<td title='lambdaTest.TestScenario1.formDemo()'><b>formDemo</b><br>Test class: lambdaTest.TestScenario1</td>
<td></td>
<td>4</td>
<td>lambdaTest.TestScenario1@50b5ac82</td></tr>
<tr>
<td title='lambdaTest.TestScenario1.formDemo()'><b>formDemo</b><br>Test class: lambdaTest.TestScenario1</td>
<td></td>
<td>4</td>
<td>lambdaTest.TestScenario1@1e683a3e</td></tr>
<tr>
<td title='lambdaTest.TestScenario1.formDemo()'><b>formDemo</b><br>Test class: lambdaTest.TestScenario1</td>
<td></td>
<td>10</td>
<td>lambdaTest.TestScenario1@73700b80</td></tr>
<tr>
<td title='lambdaTest.TestScenario3.inputFormSubmit()'><b>inputFormSubmit</b><br>Test class: lambdaTest.TestScenario3</td>
<td></td>
<td>11</td>
<td>lambdaTest.TestScenario3@1e6454ec</td></tr>
<tr>
<td title='lambdaTest.TestScenario3.inputFormSubmit()'><b>inputFormSubmit</b><br>Test class: lambdaTest.TestScenario3</td>
<td></td>
<td>13</td>
<td>lambdaTest.TestScenario3@6babf3bf</td></tr>
<tr>
<td title='lambdaTest.TestScenario3.inputFormSubmit()'><b>inputFormSubmit</b><br>Test class: lambdaTest.TestScenario3</td>
<td></td>
<td>10</td>
<td>lambdaTest.TestScenario3@7a419da4</td></tr>
<tr>
<td title='lambdaTest.TestScenario3.inputFormSubmit()'><b>inputFormSubmit</b><br>Test class: lambdaTest.TestScenario3</td>
<td></td>
<td>17</td>
<td>lambdaTest.TestScenario3@10d307f1</td></tr>
</table><p>
</body>
</html>