<!DOCTYPE html PUBLIC "-//W3C//DTD XHTML 1.1//EN" "http://www.w3.org/TR/xhtml11/DTD/xhtml11.dtd">
<html xmlns="http://www.w3.org/1999/xhtml">
<head>
<meta http-equiv="content-type" content="text/html; charset=UTF-8"/>
<title>TestNG Report</title>
<style type="text/css">table {margin-bottom:10px;border-collapse:collapse;empty-cells:show}th,td {border:1px solid #009;padding:.25em .5em}th {vertical-align:bottom}td {vertical-align:top}table a {font-weight:bold}.stripe td {background-color: #E6EBF9}.num {text-align:right}.passedodd td {background-color: #3F3}.passedeven td {background-color: #0A0}.skippedodd td {background-color: #DDD}.skippedeven td {background-color: #CCC}.failedodd td,.attn {background-color: #F33}.failedeven td,.stripe .attn {background-color: #D00}.stacktrace {white-space:pre;font-family:monospace}.totop {font-size:85%;text-align:center;border-bottom:2px solid #000}.invisible {display:none}</style>
</head>
<body>
<table>
<tr><th>Test</th><th># Passed</th><th># Skipped</th><th># Retried</th><th># Failed</th><th>Time (ms)</th><th>Included Groups</th><th>Excluded Groups</th></tr>
<tr><th colspan="8">LambaTestSuite</th></tr>
<tr><td><a href="#t0">RUN ON ChromeTest</a></td><td class="num">3</td><td class="num">0</td><td class="num">0</td><td class="num">0</td><td class="num">78,331</td><td></td><td></td></tr>
<tr class="stripe"><td><a href="#t1">RUN ON EdgeTest</a></td><td class="num">3</td><td class="num">0</td><td class="num">0</td><td class="num">0</td><td class="num">39,886</td><td></td><td></td></tr>
<tr><td><a href="#t2">RUN ON firefoxtest</a></td><td class="num">2</td><td class="num">0</td><td class="num">0</td><td class="num attn">1</td><td class="num">39,892</td><td></td><td></td></tr>
<tr class="stripe"><td><a href="#t3">RUN ON InternetExplorer</a></td><td class="num">2</td><td class="num">0</td><td class="num">0</td><td class="num attn">1</td><td class="num">38,798</td><td></td><td></td></tr>
<tr><th>Total</th><th class="num">10</th><th class="num">0</th><th class="num">0</th><th class="num attn">2</th><th class="num">196,907</th><th colspan="2"></th></tr>
</table>
<table id='summary'><thead><tr><th>Class</th><th>Method</th><th>Start</th><th>Time (ms)</th></tr></thead><tbody><tr><th colspan="4">LambaTestSuite</th></tr></tbody><tbody id="t0"><tr><th colspan="4">RUN ON ChromeTest &#8212; passed</th></tr><tr class="passedeven"><td rowspan="1">lambdaTest.TestScenario1</td><td><a href="#m0">formDemo</a></td><td rowspan="1">1691585635213</td><td rowspan="1">5291</td></tr><tr class="passedodd"><td rowspan="1">lambdaTest.TestScenario2</td><td><a href="#m1">dragDropBySlider</a></td><td rowspan="1">1691585677792</td><td rowspan="1">6154</td></tr><tr class="passedeven"><td rowspan="1">lambdaTest.TestScenario3</td><td><a href="#m2">inputFormSubmit</a></td><td rowspan="1">1691585636222</td><td rowspan="1">11568</td></tr></tbody>
<tbody id="t1"><tr><th colspan="4">RUN ON EdgeTest &#8212; passed</th></tr><tr class="passedeven"><td rowspan="1">lambdaTest.TestScenario1</td><td><a href="#m3">formDemo</a></td><td rowspan="1">1691585698909</td><td rowspan="1">4432</td></tr><tr class="passedodd"><td rowspan="1">lambdaTest.TestScenario2</td><td><a href="#m4">dragDropBySlider</a></td><td rowspan="1">1691585694093</td><td rowspan="1">4445</td></tr><tr class="passedeven"><td rowspan="1">lambdaTest.TestScenario3</td><td><a href="#m5">inputFormSubmit</a></td><td rowspan="1">1691585710834</td><td rowspan="1">13123</td></tr></tbody>
<tbody id="t2"><tr><th colspan="4">RUN ON firefoxtest &#8212; failed</th></tr><tr class="failedeven"><td rowspan="1">lambdaTest.TestScenario2</td><td><a href="#m6">dragDropBySlider</a></td><td rowspan="1">1691585739370</td><td rowspan="1">3573</td></tr><tr><th colspan="4">RUN ON firefoxtest &#8212; passed</th></tr><tr class="passedeven"><td rowspan="1">lambdaTest.TestScenario1</td><td><a href="#m7">formDemo</a></td><td rowspan="1">1691585729818</td><td rowspan="1">4185</td></tr><tr class="passedodd"><td rowspan="1">lambdaTest.TestScenario3</td><td><a href="#m8">inputFormSubmit</a></td><td rowspan="1">1691585752730</td><td rowspan="1">10726</td></tr></tbody>
<tbody id="t3"><tr><th colspan="4">RUN ON InternetExplorer &#8212; failed</th></tr><tr class="failedeven"><td rowspan="1">lambdaTest.TestScenario2</td><td><a href="#m9">dragDropBySlider</a></td><td rowspan="1">1691585773009</td><td rowspan="1">7595</td></tr><tr><th colspan="4">RUN ON InternetExplorer &#8212; passed</th></tr><tr class="passedeven"><td rowspan="1">lambdaTest.TestScenario1</td><td><a href="#m10">formDemo</a></td><td rowspan="1">1691585789538</td><td rowspan="1">10042</td></tr><tr class="passedodd"><td rowspan="1">lambdaTest.TestScenario3</td><td><a href="#m11">inputFormSubmit</a></td><td rowspan="1">1691585784955</td><td rowspan="1">17684</td></tr></tbody>
</table>
<h2>RUN ON ChromeTest</h2><h3 id="m0">lambdaTest.TestScenario1#formDemo</h3><table class="result"><tr><th class="invisible"/></tr></table><p class="totop"><a href="#summary">back to summary</a></p>
<h3 id="m1">lambdaTest.TestScenario2#dragDropBySlider</h3><table class="result"><tr><th class="invisible"/></tr></table><p class="totop"><a href="#summary">back to summary</a></p>
<h3 id="m2">lambdaTest.TestScenario3#inputFormSubmit</h3><table class="result"><tr><th class="invisible"/></tr></table><p class="totop"><a href="#summary">back to summary</a></p>
<h2>RUN ON EdgeTest</h2><h3 id="m3">lambdaTest.TestScenario1#formDemo</h3><table class="result"><tr><th class="invisible"/></tr></table><p class="totop"><a href="#summary">back to summary</a></p>
<h3 id="m4">lambdaTest.TestScenario2#dragDropBySlider</h3><table class="result"><tr><th class="invisible"/></tr></table><p class="totop"><a href="#summary">back to summary</a></p>
<h3 id="m5">lambdaTest.TestScenario3#inputFormSubmit</h3><table class="result"><tr><th class="invisible"/></tr></table><p class="totop"><a href="#summary">back to summary</a></p>
<h2>RUN ON firefoxtest</h2><h3 id="m6">lambdaTest.TestScenario2#dragDropBySlider</h3><table class="result"><tr><th>Exception</th></tr><tr><td><div class="stacktrace">java.lang.AssertionError: expected [95] but found [94]
	at lambdaTest.TestScenario2.dragDropBySlider(TestScenario2.java:80)
	at java.base/java.util.concurrent.ThreadPoolExecutor.runWorker(ThreadPoolExecutor.java:1136)
	at java.base/java.util.concurrent.ThreadPoolExecutor$Worker.run(ThreadPoolExecutor.java:635)
	at java.base/java.lang.Thread.run(Thread.java:833)
... Removed 17 stack frames</div></td></tr></table><p class="totop"><a href="#summary">back to summary</a></p>
<h3 id="m7">lambdaTest.TestScenario1#formDemo</h3><table class="result"><tr><th class="invisible"/></tr></table><p class="totop"><a href="#summary">back to summary</a></p>
<h3 id="m8">lambdaTest.TestScenario3#inputFormSubmit</h3><table class="result"><tr><th class="invisible"/></tr></table><p class="totop"><a href="#summary">back to summary</a></p>
<h2>RUN ON InternetExplorer</h2><h3 id="m9">lambdaTest.TestScenario2#dragDropBySlider</h3><table class="result"><tr><th>Exception</th></tr><tr><td><div class="stacktrace">java.lang.AssertionError: expected [95] but found [51]
	at lambdaTest.TestScenario2.dragDropBySlider(TestScenario2.java:80)
	at java.base/java.util.concurrent.ThreadPoolExecutor.runWorker(ThreadPoolExecutor.java:1136)
	at java.base/java.util.concurrent.ThreadPoolExecutor$Worker.run(ThreadPoolExecutor.java:635)
	at java.base/java.lang.Thread.run(Thread.java:833)
... Removed 17 stack frames</div></td></tr></table><p class="totop"><a href="#summary">back to summary</a></p>
<h3 id="m10">lambdaTest.TestScenario1#formDemo</h3><table class="result"><tr><th class="invisible"/></tr></table><p class="totop"><a href="#summary">back to summary</a></p>
<h3 id="m11">lambdaTest.TestScenario3#inputFormSubmit</h3><table class="result"><tr><th class="invisible"/></tr></table><p class="totop"><a href="#summary">back to summary</a></p>
</body>
</html>
