<?xml version="1.0" encoding="UTF-8"?>
<testng-results ignored="0" total="12" passed="10" failed="2" skipped="0">
  <reporter-output>
  </reporter-output>
  <suite started-at="2023-08-09T18:23:25 IST" name="LambaTestSuite" finished-at="2023-08-09T18:26:42 IST" duration-ms="196999">
    <groups>
    </groups>
    <test started-at="2023-08-09T18:23:25 IST" name="RUN ON ChromeTest" finished-at="2023-08-09T18:24:44 IST" duration-ms="78331">
      <class name="lambdaTest.TestScenario2">
        <test-method is-config="true" signature="setUp(java.lang.String, java.lang.String, java.lang.String)[pri:0, instance:lambdaTest.TestScenario2@cad498c]" started-at="2023-08-09T18:23:25 IST" name="setUp" finished-at="2023-08-09T18:24:37 IST" duration-ms="71847" status="PASS">
          <params>
            <param index="0">
              <value>
                <![CDATA[Chrome]]>
              </value>
            </param>
            <param index="1">
              <value>
                <![CDATA[88.0]]>
              </value>
            </param>
            <param index="2">
              <value>
                <![CDATA[Windows 10]]>
              </value>
            </param>
          </params>
          <reporter-output>
          </reporter-output>
        </test-method> <!-- setUp -->
        <test-method signature="dragDropBySlider()[pri:0, instance:lambdaTest.TestScenario2@cad498c]" started-at="2023-08-09T18:24:37 IST" name="dragDropBySlider" finished-at="2023-08-09T18:24:43 IST" duration-ms="6154" status="PASS">
          <reporter-output>
          </reporter-output>
        </test-method> <!-- dragDropBySlider -->
        <test-method is-config="true" signature="tearDown()[pri:0, instance:lambdaTest.TestScenario2@cad498c]" started-at="2023-08-09T18:24:43 IST" name="tearDown" finished-at="2023-08-09T18:24:44 IST" duration-ms="293" status="PASS">
          <reporter-output>
          </reporter-output>
        </test-method> <!-- tearDown -->
      </class> <!-- lambdaTest.TestScenario2 -->
      <class name="lambdaTest.TestScenario1">
        <test-method is-config="true" signature="setUp(java.lang.String, java.lang.String, java.lang.String)[pri:0, instance:lambdaTest.TestScenario1@66498326]" started-at="2023-08-09T18:23:25 IST" name="setUp" finished-at="2023-08-09T18:23:55 IST" duration-ms="29266" status="PASS">
          <params>
            <param index="0">
              <value>
                <![CDATA[Chrome]]>
              </value>
            </param>
            <param index="1">
              <value>
                <![CDATA[88.0]]>
              </value>
            </param>
            <param index="2">
              <value>
                <![CDATA[Windows 10]]>
              </value>
            </param>
          </params>
          <reporter-output>
          </reporter-output>
        </test-method> <!-- setUp -->
        <test-method signature="formDemo()[pri:0, instance:lambdaTest.TestScenario1@66498326]" started-at="2023-08-09T18:23:55 IST" name="formDemo" finished-at="2023-08-09T18:24:00 IST" duration-ms="5291" status="PASS">
          <reporter-output>
          </reporter-output>
        </test-method> <!-- formDemo -->
        <test-method is-config="true" signature="tearDown1()[pri:0, instance:lambdaTest.TestScenario1@66498326]" started-at="2023-08-09T18:24:00 IST" name="tearDown1" finished-at="2023-08-09T18:24:00 IST" duration-ms="285" status="PASS">
          <reporter-output>
          </reporter-output>
        </test-method> <!-- tearDown1 -->
      </class> <!-- lambdaTest.TestScenario1 -->
      <class name="lambdaTest.TestScenario3">
        <test-method is-config="true" signature="setUp(java.lang.String, java.lang.String, java.lang.String)[pri:0, instance:lambdaTest.TestScenario3@1e6454ec]" started-at="2023-08-09T18:23:25 IST" name="setUp" finished-at="2023-08-09T18:23:56 IST" duration-ms="30277" status="PASS">
          <params>
            <param index="0">
              <value>
                <![CDATA[Chrome]]>
              </value>
            </param>
            <param index="1">
              <value>
                <![CDATA[88.0]]>
              </value>
            </param>
            <param index="2">
              <value>
                <![CDATA[Windows 10]]>
              </value>
            </param>
          </params>
          <reporter-output>
          </reporter-output>
        </test-method> <!-- setUp -->
        <test-method signature="inputFormSubmit()[pri:0, instance:lambdaTest.TestScenario3@1e6454ec]" started-at="2023-08-09T18:23:56 IST" name="inputFormSubmit" finished-at="2023-08-09T18:24:07 IST" duration-ms="11568" status="PASS">
          <reporter-output>
          </reporter-output>
        </test-method> <!-- inputFormSubmit -->
        <test-method is-config="true" signature="tearDown()[pri:0, instance:lambdaTest.TestScenario3@1e6454ec]" started-at="2023-08-09T18:24:07 IST" name="tearDown" finished-at="2023-08-09T18:24:08 IST" duration-ms="206" status="PASS">
          <reporter-output>
          </reporter-output>
        </test-method> <!-- tearDown -->
      </class> <!-- lambdaTest.TestScenario3 -->
    </test> <!-- RUN ON ChromeTest -->
    <test started-at="2023-08-09T18:24:44 IST" name="RUN ON EdgeTest" finished-at="2023-08-09T18:25:24 IST" duration-ms="39886">
      <class name="lambdaTest.TestScenario2">
        <test-method is-config="true" signature="setUp(java.lang.String, java.lang.String, java.lang.String)[pri:0, instance:lambdaTest.TestScenario2@101952da]" started-at="2023-08-09T18:24:44 IST" name="setUp" finished-at="2023-08-09T18:24:54 IST" duration-ms="9794" status="PASS">
          <params>
            <param index="0">
              <value>
                <![CDATA[edge]]>
              </value>
            </param>
            <param index="1">
              <value>
                <![CDATA[87.0]]>
              </value>
            </param>
            <param index="2">
              <value>
                <![CDATA[macOS Sierra]]>
              </value>
            </param>
          </params>
          <reporter-output>
          </reporter-output>
        </test-method> <!-- setUp -->
        <test-method signature="dragDropBySlider()[pri:0, instance:lambdaTest.TestScenario2@101952da]" started-at="2023-08-09T18:24:54 IST" name="dragDropBySlider" finished-at="2023-08-09T18:24:58 IST" duration-ms="4445" status="PASS">
          <reporter-output>
          </reporter-output>
        </test-method> <!-- dragDropBySlider -->
        <test-method is-config="true" signature="tearDown()[pri:0, instance:lambdaTest.TestScenario2@101952da]" started-at="2023-08-09T18:24:58 IST" name="tearDown" finished-at="2023-08-09T18:24:58 IST" duration-ms="225" status="PASS">
          <reporter-output>
          </reporter-output>
        </test-method> <!-- tearDown -->
      </class> <!-- lambdaTest.TestScenario2 -->
      <class name="lambdaTest.TestScenario1">
        <test-method is-config="true" signature="setUp(java.lang.String, java.lang.String, java.lang.String)[pri:0, instance:lambdaTest.TestScenario1@50b5ac82]" started-at="2023-08-09T18:24:44 IST" name="setUp" finished-at="2023-08-09T18:24:58 IST" duration-ms="14609" status="PASS">
          <params>
            <param index="0">
              <value>
                <![CDATA[edge]]>
              </value>
            </param>
            <param index="1">
              <value>
                <![CDATA[87.0]]>
              </value>
            </param>
            <param index="2">
              <value>
                <![CDATA[macOS Sierra]]>
              </value>
            </param>
          </params>
          <reporter-output>
          </reporter-output>
        </test-method> <!-- setUp -->
        <test-method signature="formDemo()[pri:0, instance:lambdaTest.TestScenario1@50b5ac82]" started-at="2023-08-09T18:24:58 IST" name="formDemo" finished-at="2023-08-09T18:25:03 IST" duration-ms="4432" status="PASS">
          <reporter-output>
          </reporter-output>
        </test-method> <!-- formDemo -->
        <test-method is-config="true" signature="tearDown1()[pri:0, instance:lambdaTest.TestScenario1@50b5ac82]" started-at="2023-08-09T18:25:03 IST" name="tearDown1" finished-at="2023-08-09T18:25:03 IST" duration-ms="213" status="PASS">
          <reporter-output>
          </reporter-output>
        </test-method> <!-- tearDown1 -->
      </class> <!-- lambdaTest.TestScenario1 -->
      <class name="lambdaTest.TestScenario3">
        <test-method is-config="true" signature="setUp(java.lang.String, java.lang.String, java.lang.String)[pri:0, instance:lambdaTest.TestScenario3@6babf3bf]" started-at="2023-08-09T18:24:44 IST" name="setUp" finished-at="2023-08-09T18:25:10 IST" duration-ms="26534" status="PASS">
          <params>
            <param index="0">
              <value>
                <![CDATA[edge]]>
              </value>
            </param>
            <param index="1">
              <value>
                <![CDATA[87.0]]>
              </value>
            </param>
            <param index="2">
              <value>
                <![CDATA[macOS Sierra]]>
              </value>
            </param>
          </params>
          <reporter-output>
          </reporter-output>
        </test-method> <!-- setUp -->
        <test-method signature="inputFormSubmit()[pri:0, instance:lambdaTest.TestScenario3@6babf3bf]" started-at="2023-08-09T18:25:10 IST" name="inputFormSubmit" finished-at="2023-08-09T18:25:23 IST" duration-ms="13123" status="PASS">
          <reporter-output>
          </reporter-output>
        </test-method> <!-- inputFormSubmit -->
        <test-method is-config="true" signature="tearDown()[pri:0, instance:lambdaTest.TestScenario3@6babf3bf]" started-at="2023-08-09T18:25:23 IST" name="tearDown" finished-at="2023-08-09T18:25:24 IST" duration-ms="223" status="PASS">
          <reporter-output>
          </reporter-output>
        </test-method> <!-- tearDown -->
      </class> <!-- lambdaTest.TestScenario3 -->
    </test> <!-- RUN ON EdgeTest -->
    <test started-at="2023-08-09T18:25:24 IST" name="RUN ON firefoxtest" finished-at="2023-08-09T18:26:04 IST" duration-ms="39892">
      <class name="lambdaTest.TestScenario2">
        <test-method is-config="true" signature="setUp(java.lang.String, java.lang.String, java.lang.String)[pri:0, instance:lambdaTest.TestScenario2@2053d869]" started-at="2023-08-09T18:25:24 IST" name="setUp" finished-at="2023-08-09T18:25:39 IST" duration-ms="15165" status="PASS">
          <params>
            <param index="0">
              <value>
                <![CDATA[firefox]]>
              </value>
            </param>
            <param index="1">
              <value>
                <![CDATA[82.0]]>
              </value>
            </param>
            <param index="2">
              <value>
                <![CDATA[Windows 7]]>
              </value>
            </param>
          </params>
          <reporter-output>
          </reporter-output>
        </test-method> <!-- setUp -->
        <test-method signature="dragDropBySlider()[pri:0, instance:lambdaTest.TestScenario2@2053d869]" started-at="2023-08-09T18:25:39 IST" name="dragDropBySlider" finished-at="2023-08-09T18:25:42 IST" duration-ms="3573" status="FAIL">
          <exception class="java.lang.AssertionError">
            <message>
              <![CDATA[expected [95] but found [94]]]>
            </message>
            <full-stacktrace>
              <![CDATA[java.lang.AssertionError: expected [95] but found [94]
at org.testng.Assert.fail(Assert.java:97)
at org.testng.Assert.assertEqualsImpl(Assert.java:136)
at org.testng.Assert.assertEquals(Assert.java:118)
at org.testng.Assert.assertEquals(Assert.java:575)
at org.testng.Assert.assertEquals(Assert.java:585)
at lambdaTest.TestScenario2.dragDropBySlider(TestScenario2.java:80)
at java.base/jdk.internal.reflect.NativeMethodAccessorImpl.invoke0(Native Method)
at java.base/jdk.internal.reflect.NativeMethodAccessorImpl.invoke(NativeMethodAccessorImpl.java:77)
at java.base/jdk.internal.reflect.DelegatingMethodAccessorImpl.invoke(DelegatingMethodAccessorImpl.java:43)
at java.base/java.lang.reflect.Method.invoke(Method.java:568)
at org.testng.internal.MethodInvocationHelper.invokeMethod(MethodInvocationHelper.java:134)
at org.testng.internal.TestInvoker.invokeMethod(TestInvoker.java:597)
at org.testng.internal.TestInvoker.invokeTestMethod(TestInvoker.java:173)
at org.testng.internal.MethodRunner.runInSequence(MethodRunner.java:46)
at org.testng.internal.TestInvoker$MethodInvocationAgent.invoke(TestInvoker.java:816)
at org.testng.internal.TestInvoker.invokeTestMethods(TestInvoker.java:146)
at org.testng.internal.TestMethodWorker.invokeTestMethods(TestMethodWorker.java:146)
at org.testng.internal.TestMethodWorker.run(TestMethodWorker.java:128)
at java.base/java.util.concurrent.ThreadPoolExecutor.runWorker(ThreadPoolExecutor.java:1136)
at java.base/java.util.concurrent.ThreadPoolExecutor$Worker.run(ThreadPoolExecutor.java:635)
at java.base/java.lang.Thread.run(Thread.java:833)
]]>
            </full-stacktrace>
          </exception> <!-- java.lang.AssertionError -->
          <reporter-output>
          </reporter-output>
        </test-method> <!-- dragDropBySlider -->
        <test-method is-config="true" signature="tearDown()[pri:0, instance:lambdaTest.TestScenario2@2053d869]" started-at="2023-08-09T18:25:42 IST" name="tearDown" finished-at="2023-08-09T18:25:43 IST" duration-ms="667" status="PASS">
          <reporter-output>
          </reporter-output>
        </test-method> <!-- tearDown -->
      </class> <!-- lambdaTest.TestScenario2 -->
      <class name="lambdaTest.TestScenario1">
        <test-method is-config="true" signature="setUp(java.lang.String, java.lang.String, java.lang.String)[pri:0, instance:lambdaTest.TestScenario1@1e683a3e]" started-at="2023-08-09T18:25:24 IST" name="setUp" finished-at="2023-08-09T18:25:29 IST" duration-ms="5613" status="PASS">
          <params>
            <param index="0">
              <value>
                <![CDATA[firefox]]>
              </value>
            </param>
            <param index="1">
              <value>
                <![CDATA[82.0]]>
              </value>
            </param>
            <param index="2">
              <value>
                <![CDATA[Windows 7]]>
              </value>
            </param>
          </params>
          <reporter-output>
          </reporter-output>
        </test-method> <!-- setUp -->
        <test-method signature="formDemo()[pri:0, instance:lambdaTest.TestScenario1@1e683a3e]" started-at="2023-08-09T18:25:29 IST" name="formDemo" finished-at="2023-08-09T18:25:34 IST" duration-ms="4185" status="PASS">
          <reporter-output>
          </reporter-output>
        </test-method> <!-- formDemo -->
        <test-method is-config="true" signature="tearDown1()[pri:0, instance:lambdaTest.TestScenario1@1e683a3e]" started-at="2023-08-09T18:25:34 IST" name="tearDown1" finished-at="2023-08-09T18:25:34 IST" duration-ms="559" status="PASS">
          <reporter-output>
          </reporter-output>
        </test-method> <!-- tearDown1 -->
      </class> <!-- lambdaTest.TestScenario1 -->
      <class name="lambdaTest.TestScenario3">
        <test-method is-config="true" signature="setUp(java.lang.String, java.lang.String, java.lang.String)[pri:0, instance:lambdaTest.TestScenario3@7a419da4]" started-at="2023-08-09T18:25:24 IST" name="setUp" finished-at="2023-08-09T18:25:52 IST" duration-ms="28525" status="PASS">
          <params>
            <param index="0">
              <value>
                <![CDATA[firefox]]>
              </value>
            </param>
            <param index="1">
              <value>
                <![CDATA[82.0]]>
              </value>
            </param>
            <param index="2">
              <value>
                <![CDATA[Windows 7]]>
              </value>
            </param>
          </params>
          <reporter-output>
          </reporter-output>
        </test-method> <!-- setUp -->
        <test-method signature="inputFormSubmit()[pri:0, instance:lambdaTest.TestScenario3@7a419da4]" started-at="2023-08-09T18:25:52 IST" name="inputFormSubmit" finished-at="2023-08-09T18:26:03 IST" duration-ms="10726" status="PASS">
          <reporter-output>
          </reporter-output>
        </test-method> <!-- inputFormSubmit -->
        <test-method is-config="true" signature="tearDown()[pri:0, instance:lambdaTest.TestScenario3@7a419da4]" started-at="2023-08-09T18:26:03 IST" name="tearDown" finished-at="2023-08-09T18:26:04 IST" duration-ms="638" status="PASS">
          <reporter-output>
          </reporter-output>
        </test-method> <!-- tearDown -->
      </class> <!-- lambdaTest.TestScenario3 -->
    </test> <!-- RUN ON firefoxtest -->
    <test started-at="2023-08-09T18:26:04 IST" name="RUN ON InternetExplorer" finished-at="2023-08-09T18:26:42 IST" duration-ms="38798">
      <class name="lambdaTest.TestScenario2">
        <test-method is-config="true" signature="setUp(java.lang.String, java.lang.String, java.lang.String)[pri:0, instance:lambdaTest.TestScenario2@49c7b90e]" started-at="2023-08-09T18:26:04 IST" name="setUp" finished-at="2023-08-09T18:26:13 IST" duration-ms="8896" status="PASS">
          <params>
            <param index="0">
              <value>
                <![CDATA[internet]]>
              </value>
            </param>
            <param index="1">
              <value>
                <![CDATA[11.0]]>
              </value>
            </param>
            <param index="2">
              <value>
                <![CDATA[Windows 10]]>
              </value>
            </param>
          </params>
          <reporter-output>
          </reporter-output>
        </test-method> <!-- setUp -->
        <test-method signature="dragDropBySlider()[pri:0, instance:lambdaTest.TestScenario2@49c7b90e]" started-at="2023-08-09T18:26:13 IST" name="dragDropBySlider" finished-at="2023-08-09T18:26:20 IST" duration-ms="7595" status="FAIL">
          <exception class="java.lang.AssertionError">
            <message>
              <![CDATA[expected [95] but found [51]]]>
            </message>
            <full-stacktrace>
              <![CDATA[java.lang.AssertionError: expected [95] but found [51]
at org.testng.Assert.fail(Assert.java:97)
at org.testng.Assert.assertEqualsImpl(Assert.java:136)
at org.testng.Assert.assertEquals(Assert.java:118)
at org.testng.Assert.assertEquals(Assert.java:575)
at org.testng.Assert.assertEquals(Assert.java:585)
at lambdaTest.TestScenario2.dragDropBySlider(TestScenario2.java:80)
at java.base/jdk.internal.reflect.NativeMethodAccessorImpl.invoke0(Native Method)
at java.base/jdk.internal.reflect.NativeMethodAccessorImpl.invoke(NativeMethodAccessorImpl.java:77)
at java.base/jdk.internal.reflect.DelegatingMethodAccessorImpl.invoke(DelegatingMethodAccessorImpl.java:43)
at java.base/java.lang.reflect.Method.invoke(Method.java:568)
at org.testng.internal.MethodInvocationHelper.invokeMethod(MethodInvocationHelper.java:134)
at org.testng.internal.TestInvoker.invokeMethod(TestInvoker.java:597)
at org.testng.internal.TestInvoker.invokeTestMethod(TestInvoker.java:173)
at org.testng.internal.MethodRunner.runInSequence(MethodRunner.java:46)
at org.testng.internal.TestInvoker$MethodInvocationAgent.invoke(TestInvoker.java:816)
at org.testng.internal.TestInvoker.invokeTestMethods(TestInvoker.java:146)
at org.testng.internal.TestMethodWorker.invokeTestMethods(TestMethodWorker.java:146)
at org.testng.internal.TestMethodWorker.run(TestMethodWorker.java:128)
at java.base/java.util.concurrent.ThreadPoolExecutor.runWorker(ThreadPoolExecutor.java:1136)
at java.base/java.util.concurrent.ThreadPoolExecutor$Worker.run(ThreadPoolExecutor.java:635)
at java.base/java.lang.Thread.run(Thread.java:833)
]]>
            </full-stacktrace>
          </exception> <!-- java.lang.AssertionError -->
          <reporter-output>
          </reporter-output>
        </test-method> <!-- dragDropBySlider -->
        <test-method is-config="true" signature="tearDown()[pri:0, instance:lambdaTest.TestScenario2@49c7b90e]" started-at="2023-08-09T18:26:20 IST" name="tearDown" finished-at="2023-08-09T18:26:20 IST" duration-ms="289" status="PASS">
          <reporter-output>
          </reporter-output>
        </test-method> <!-- tearDown -->
      </class> <!-- lambdaTest.TestScenario2 -->
      <class name="lambdaTest.TestScenario1">
        <test-method is-config="true" signature="setUp(java.lang.String, java.lang.String, java.lang.String)[pri:0, instance:lambdaTest.TestScenario1@73700b80]" started-at="2023-08-09T18:26:04 IST" name="setUp" finished-at="2023-08-09T18:26:29 IST" duration-ms="25425" status="PASS">
          <params>
            <param index="0">
              <value>
                <![CDATA[internet]]>
              </value>
            </param>
            <param index="1">
              <value>
                <![CDATA[11.0]]>
              </value>
            </param>
            <param index="2">
              <value>
                <![CDATA[Windows 10]]>
              </value>
            </param>
          </params>
          <reporter-output>
          </reporter-output>
        </test-method> <!-- setUp -->
        <test-method signature="formDemo()[pri:0, instance:lambdaTest.TestScenario1@73700b80]" started-at="2023-08-09T18:26:29 IST" name="formDemo" finished-at="2023-08-09T18:26:39 IST" duration-ms="10042" status="PASS">
          <reporter-output>
          </reporter-output>
        </test-method> <!-- formDemo -->
        <test-method is-config="true" signature="tearDown1()[pri:0, instance:lambdaTest.TestScenario1@73700b80]" started-at="2023-08-09T18:26:39 IST" name="tearDown1" finished-at="2023-08-09T18:26:39 IST" duration-ms="183" status="PASS">
          <reporter-output>
          </reporter-output>
        </test-method> <!-- tearDown1 -->
      </class> <!-- lambdaTest.TestScenario1 -->
      <class name="lambdaTest.TestScenario3">
        <test-method is-config="true" signature="setUp(java.lang.String, java.lang.String, java.lang.String)[pri:0, instance:lambdaTest.TestScenario3@10d307f1]" started-at="2023-08-09T18:26:04 IST" name="setUp" finished-at="2023-08-09T18:26:24 IST" duration-ms="20842" status="PASS">
          <params>
            <param index="0">
              <value>
                <![CDATA[internet]]>
              </value>
            </param>
            <param index="1">
              <value>
                <![CDATA[11.0]]>
              </value>
            </param>
            <param index="2">
              <value>
                <![CDATA[Windows 10]]>
              </value>
            </param>
          </params>
          <reporter-output>
          </reporter-output>
        </test-method> <!-- setUp -->
        <test-method signature="inputFormSubmit()[pri:0, instance:lambdaTest.TestScenario3@10d307f1]" started-at="2023-08-09T18:26:24 IST" name="inputFormSubmit" finished-at="2023-08-09T18:26:42 IST" duration-ms="17684" status="PASS">
          <reporter-output>
          </reporter-output>
        </test-method> <!-- inputFormSubmit -->
        <test-method is-config="true" signature="tearDown()[pri:0, instance:lambdaTest.TestScenario3@10d307f1]" started-at="2023-08-09T18:26:42 IST" name="tearDown" finished-at="2023-08-09T18:26:42 IST" duration-ms="268" status="PASS">
          <reporter-output>
          </reporter-output>
        </test-method> <!-- tearDown -->
      </class> <!-- lambdaTest.TestScenario3 -->
    </test> <!-- RUN ON InternetExplorer -->
  </suite> <!-- LambaTestSuite -->
</testng-results>
